<?xml version="1.0" encoding="UTF-8"?>
<!-- Generated by org.testng.reporters.JUnitReportReporter -->
<testsuite hostname="noc-ThinkPad-E15-Gen-4" failures="0" tests="1" name="com.example.Demo.demoLoginTest" time="4.483" errors="0" timestamp="2024-01-23T15:08:06 PKT" skipped="0">
  <testcase classname="com.example.Demo.demoLoginTest" name="demoLoginTest" time="4.483"/>
</testsuite> <!-- com.example.Demo.demoLoginTest -->
